-------------------------------------------------------------------------------
Test set: runner.RunCuke
-------------------------------------------------------------------------------
Tests run: 6, Failures: 1, Errors: 0, Skipped: 0, Time elapsed: 32.134 s <<< FAILURE! - in runner.RunCuke
Find a new car(Finding new cars)  Time elapsed: 0.784 s  <<< FAILURE!
java.lang.AssertionError

