<?xml version="1.0" encoding="UTF-8"?><testsuite errors="1" failures="0" name="Finding new cars" skipped="0" tests="1" time="11.01" timestamp="2021-11-13 01:42:31"><testcase name="Find a new car"><error type="java.lang.reflect.InvocationTargetException"/><system-err>null&#13;
com.google.common.collect.SingletonImmutableBiMap.forEach(SingletonImmutableBiMap.java:65)&#13;
pages.HomePage.FindNewCars(HomePage.java:13)&#13;
cucumberSteps.NewCarSteps.in_the_new_cars_section(NewCarSteps.java:32)&#13;
cucumber.runner.Runner.runPickle(Runner.java:80)&#13;
</system-err></testcase></testsuite>